The system is: Darwin - 18.0.0 - x86_64
Compiling the C compiler identification source file "CMakeCCompilerId.c" succeeded.
Compiler: /Applications/Xcode.app/Contents/Developer/Toolchains/XcodeDefault.xctoolchain/usr/bin/cc 
Build flags: 
Id flags:  

The output was:
0


Compilation of the C compiler identification source "CMakeCCompilerId.c" produced "a.out"

The C compiler identification is AppleClang, found in "/Users/adityayadavalli/Graphics/Ass2/test/build/CMakeFiles/3.13.2/CompilerIdC/a.out"

Compiling the CXX compiler identification source file "CMakeCXXCompilerId.cpp" succeeded.
Compiler: /Applications/Xcode.app/Contents/Developer/Toolchains/XcodeDefault.xctoolchain/usr/bin/c++ 
Build flags: 
Id flags:  

The output was:
0


Compilation of the CXX compiler identification source "CMakeCXXCompilerId.cpp" produced "a.out"

The CXX compiler identification is AppleClang, found in "/Users/adityayadavalli/Graphics/Ass2/test/build/CMakeFiles/3.13.2/CompilerIdCXX/a.out"

Determining if the C compiler works passed with the following output:
Change Dir: /Users/adityayadavalli/Graphics/Ass2/test/build/CMakeFiles/CMakeTmp

Run Build Command:"/usr/bin/make" "cmTC_1a4cf/fast"
/Applications/Xcode.app/Contents/Developer/usr/bin/make -f CMakeFiles/cmTC_1a4cf.dir/build.make CMakeFiles/cmTC_1a4cf.dir/build
Building C object CMakeFiles/cmTC_1a4cf.dir/testCCompiler.c.o
/Applications/Xcode.app/Contents/Developer/Toolchains/XcodeDefault.xctoolchain/usr/bin/cc   -isysroot /Applications/Xcode.app/Contents/Developer/Platforms/MacOSX.platform/Developer/SDKs/MacOSX10.14.sdk   -o CMakeFiles/cmTC_1a4cf.dir/testCCompiler.c.o   -c /Users/adityayadavalli/Graphics/Ass2/test/build/CMakeFiles/CMakeTmp/testCCompiler.c
Linking C executable cmTC_1a4cf
/usr/local/Cellar/cmake/3.13.2/bin/cmake -E cmake_link_script CMakeFiles/cmTC_1a4cf.dir/link.txt --verbose=1
/Applications/Xcode.app/Contents/Developer/Toolchains/XcodeDefault.xctoolchain/usr/bin/cc   -isysroot /Applications/Xcode.app/Contents/Developer/Platforms/MacOSX.platform/Developer/SDKs/MacOSX10.14.sdk -Wl,-search_paths_first -Wl,-headerpad_max_install_names   CMakeFiles/cmTC_1a4cf.dir/testCCompiler.c.o  -o cmTC_1a4cf 


Detecting C compiler ABI info compiled with the following output:
Change Dir: /Users/adityayadavalli/Graphics/Ass2/test/build/CMakeFiles/CMakeTmp

Run Build Command:"/usr/bin/make" "cmTC_318c7/fast"
/Applications/Xcode.app/Contents/Developer/usr/bin/make -f CMakeFiles/cmTC_318c7.dir/build.make CMakeFiles/cmTC_318c7.dir/build
Building C object CMakeFiles/cmTC_318c7.dir/CMakeCCompilerABI.c.o
/Applications/Xcode.app/Contents/Developer/Toolchains/XcodeDefault.xctoolchain/usr/bin/cc   -isysroot /Applications/Xcode.app/Contents/Developer/Platforms/MacOSX.platform/Developer/SDKs/MacOSX10.14.sdk   -o CMakeFiles/cmTC_318c7.dir/CMakeCCompilerABI.c.o   -c /usr/local/Cellar/cmake/3.13.2/share/cmake/Modules/CMakeCCompilerABI.c
Linking C executable cmTC_318c7
/usr/local/Cellar/cmake/3.13.2/bin/cmake -E cmake_link_script CMakeFiles/cmTC_318c7.dir/link.txt --verbose=1
/Applications/Xcode.app/Contents/Developer/Toolchains/XcodeDefault.xctoolchain/usr/bin/cc   -isysroot /Applications/Xcode.app/Contents/Developer/Platforms/MacOSX.platform/Developer/SDKs/MacOSX10.14.sdk -Wl,-search_paths_first -Wl,-headerpad_max_install_names  -v -Wl,-v CMakeFiles/cmTC_318c7.dir/CMakeCCompilerABI.c.o  -o cmTC_318c7 
Apple LLVM version 10.0.0 (clang-1000.11.45.5)
Target: x86_64-apple-darwin18.0.0
Thread model: posix
InstalledDir: /Applications/Xcode.app/Contents/Developer/Toolchains/XcodeDefault.xctoolchain/usr/bin
 "/Applications/Xcode.app/Contents/Developer/Toolchains/XcodeDefault.xctoolchain/usr/bin/ld" -demangle -lto_library /Applications/Xcode.app/Contents/Developer/Toolchains/XcodeDefault.xctoolchain/usr/lib/libLTO.dylib -dynamic -arch x86_64 -macosx_version_min 10.14.0 -syslibroot /Applications/Xcode.app/Contents/Developer/Platforms/MacOSX.platform/Developer/SDKs/MacOSX10.14.sdk -o cmTC_318c7 -search_paths_first -headerpad_max_install_names -v CMakeFiles/cmTC_318c7.dir/CMakeCCompilerABI.c.o -lSystem /Applications/Xcode.app/Contents/Developer/Toolchains/XcodeDefault.xctoolchain/usr/lib/clang/10.0.0/lib/darwin/libclang_rt.osx.a
@(#)PROGRAM:ld  PROJECT:ld64-409.12
BUILD 17:47:51 Sep 25 2018
configured to support archs: armv6 armv7 armv7s arm64 i386 x86_64 x86_64h armv6m armv7k armv7m armv7em arm64e arm64_32
Library search paths:
	/Applications/Xcode.app/Contents/Developer/Platforms/MacOSX.platform/Developer/SDKs/MacOSX10.14.sdk/usr/lib
Framework search paths:
	/Applications/Xcode.app/Contents/Developer/Platforms/MacOSX.platform/Developer/SDKs/MacOSX10.14.sdk/System/Library/Frameworks/


Parsed C implicit link information from above output:
  link line regex: [^( *|.*[/\])(ld|CMAKE_LINK_STARTFILE-NOTFOUND|([^/\]+-)?ld|collect2)[^/\]*( |$)]
  ignore line: [Change Dir: /Users/adityayadavalli/Graphics/Ass2/test/build/CMakeFiles/CMakeTmp]
  ignore line: []
  ignore line: [Run Build Command:"/usr/bin/make" "cmTC_318c7/fast"]
  ignore line: [/Applications/Xcode.app/Contents/Developer/usr/bin/make -f CMakeFiles/cmTC_318c7.dir/build.make CMakeFiles/cmTC_318c7.dir/build]
  ignore line: [Building C object CMakeFiles/cmTC_318c7.dir/CMakeCCompilerABI.c.o]
  ignore line: [/Applications/Xcode.app/Contents/Developer/Toolchains/XcodeDefault.xctoolchain/usr/bin/cc   -isysroot /Applications/Xcode.app/Contents/Developer/Platforms/MacOSX.platform/Developer/SDKs/MacOSX10.14.sdk   -o CMakeFiles/cmTC_318c7.dir/CMakeCCompilerABI.c.o   -c /usr/local/Cellar/cmake/3.13.2/share/cmake/Modules/CMakeCCompilerABI.c]
  ignore line: [Linking C executable cmTC_318c7]
  ignore line: [/usr/local/Cellar/cmake/3.13.2/bin/cmake -E cmake_link_script CMakeFiles/cmTC_318c7.dir/link.txt --verbose=1]
  ignore line: [/Applications/Xcode.app/Contents/Developer/Toolchains/XcodeDefault.xctoolchain/usr/bin/cc   -isysroot /Applications/Xcode.app/Contents/Developer/Platforms/MacOSX.platform/Developer/SDKs/MacOSX10.14.sdk -Wl,-search_paths_first -Wl,-headerpad_max_install_names  -v -Wl,-v CMakeFiles/cmTC_318c7.dir/CMakeCCompilerABI.c.o  -o cmTC_318c7 ]
  ignore line: [Apple LLVM version 10.0.0 (clang-1000.11.45.5)]
  ignore line: [Target: x86_64-apple-darwin18.0.0]
  ignore line: [Thread model: posix]
  ignore line: [InstalledDir: /Applications/Xcode.app/Contents/Developer/Toolchains/XcodeDefault.xctoolchain/usr/bin]
  link line: [ "/Applications/Xcode.app/Contents/Developer/Toolchains/XcodeDefault.xctoolchain/usr/bin/ld" -demangle -lto_library /Applications/Xcode.app/Contents/Developer/Toolchains/XcodeDefault.xctoolchain/usr/lib/libLTO.dylib -dynamic -arch x86_64 -macosx_version_min 10.14.0 -syslibroot /Applications/Xcode.app/Contents/Developer/Platforms/MacOSX.platform/Developer/SDKs/MacOSX10.14.sdk -o cmTC_318c7 -search_paths_first -headerpad_max_install_names -v CMakeFiles/cmTC_318c7.dir/CMakeCCompilerABI.c.o -lSystem /Applications/Xcode.app/Contents/Developer/Toolchains/XcodeDefault.xctoolchain/usr/lib/clang/10.0.0/lib/darwin/libclang_rt.osx.a]
    arg [/Applications/Xcode.app/Contents/Developer/Toolchains/XcodeDefault.xctoolchain/usr/bin/ld] ==> ignore
    arg [-demangle] ==> ignore
    arg [-lto_library] ==> ignore, skip following value
    arg [/Applications/Xcode.app/Contents/Developer/Toolchains/XcodeDefault.xctoolchain/usr/lib/libLTO.dylib] ==> skip value of -lto_library
    arg [-dynamic] ==> ignore
    arg [-arch] ==> ignore
    arg [x86_64] ==> ignore
    arg [-macosx_version_min] ==> ignore
    arg [10.14.0] ==> ignore
    arg [-syslibroot] ==> ignore
    arg [/Applications/Xcode.app/Contents/Developer/Platforms/MacOSX.platform/Developer/SDKs/MacOSX10.14.sdk] ==> ignore
    arg [-o] ==> ignore
    arg [cmTC_318c7] ==> ignore
    arg [-search_paths_first] ==> ignore
    arg [-headerpad_max_install_names] ==> ignore
    arg [-v] ==> ignore
    arg [CMakeFiles/cmTC_318c7.dir/CMakeCCompilerABI.c.o] ==> ignore
    arg [-lSystem] ==> lib [System]
    arg [/Applications/Xcode.app/Contents/Developer/Toolchains/XcodeDefault.xctoolchain/usr/lib/clang/10.0.0/lib/darwin/libclang_rt.osx.a] ==> lib [/Applications/Xcode.app/Contents/Developer/Toolchains/XcodeDefault.xctoolchain/usr/lib/clang/10.0.0/lib/darwin/libclang_rt.osx.a]
  Library search paths: [;/Applications/Xcode.app/Contents/Developer/Platforms/MacOSX.platform/Developer/SDKs/MacOSX10.14.sdk/usr/lib]
  Framework search paths: [;/Applications/Xcode.app/Contents/Developer/Platforms/MacOSX.platform/Developer/SDKs/MacOSX10.14.sdk/System/Library/Frameworks/]
  remove lib [System]
  remove lib [/Applications/Xcode.app/Contents/Developer/Toolchains/XcodeDefault.xctoolchain/usr/lib/clang/10.0.0/lib/darwin/libclang_rt.osx.a]
  collapse library dir [/Applications/Xcode.app/Contents/Developer/Platforms/MacOSX.platform/Developer/SDKs/MacOSX10.14.sdk/usr/lib] ==> [/Applications/Xcode.app/Contents/Developer/Platforms/MacOSX.platform/Developer/SDKs/MacOSX10.14.sdk/usr/lib]
  collapse framework dir [/Applications/Xcode.app/Contents/Developer/Platforms/MacOSX.platform/Developer/SDKs/MacOSX10.14.sdk/System/Library/Frameworks/] ==> [/Applications/Xcode.app/Contents/Developer/Platforms/MacOSX.platform/Developer/SDKs/MacOSX10.14.sdk/System/Library/Frameworks]
  implicit libs: []
  implicit dirs: [/Applications/Xcode.app/Contents/Developer/Platforms/MacOSX.platform/Developer/SDKs/MacOSX10.14.sdk/usr/lib]
  implicit fwks: [/Applications/Xcode.app/Contents/Developer/Platforms/MacOSX.platform/Developer/SDKs/MacOSX10.14.sdk/System/Library/Frameworks]




Detecting C [-std=c11] compiler features compiled with the following output:
Change Dir: /Users/adityayadavalli/Graphics/Ass2/test/build/CMakeFiles/CMakeTmp

Run Build Command:"/usr/bin/make" "cmTC_dcdd6/fast"
/Applications/Xcode.app/Contents/Developer/usr/bin/make -f CMakeFiles/cmTC_dcdd6.dir/build.make CMakeFiles/cmTC_dcdd6.dir/build
Building C object CMakeFiles/cmTC_dcdd6.dir/feature_tests.c.o
/Applications/Xcode.app/Contents/Developer/Toolchains/XcodeDefault.xctoolchain/usr/bin/cc   -isysroot /Applications/Xcode.app/Contents/Developer/Platforms/MacOSX.platform/Developer/SDKs/MacOSX10.14.sdk   -std=c11 -o CMakeFiles/cmTC_dcdd6.dir/feature_tests.c.o   -c /Users/adityayadavalli/Graphics/Ass2/test/build/CMakeFiles/feature_tests.c
Linking C executable cmTC_dcdd6
/usr/local/Cellar/cmake/3.13.2/bin/cmake -E cmake_link_script CMakeFiles/cmTC_dcdd6.dir/link.txt --verbose=1
/Applications/Xcode.app/Contents/Developer/Toolchains/XcodeDefault.xctoolchain/usr/bin/cc   -isysroot /Applications/Xcode.app/Contents/Developer/Platforms/MacOSX.platform/Developer/SDKs/MacOSX10.14.sdk -Wl,-search_paths_first -Wl,-headerpad_max_install_names   CMakeFiles/cmTC_dcdd6.dir/feature_tests.c.o  -o cmTC_dcdd6 


    Feature record: C_FEATURE:1c_function_prototypes
    Feature record: C_FEATURE:1c_restrict
    Feature record: C_FEATURE:1c_static_assert
    Feature record: C_FEATURE:1c_variadic_macros


Detecting C [-std=c99] compiler features compiled with the following output:
Change Dir: /Users/adityayadavalli/Graphics/Ass2/test/build/CMakeFiles/CMakeTmp

Run Build Command:"/usr/bin/make" "cmTC_3ae78/fast"
/Applications/Xcode.app/Contents/Developer/usr/bin/make -f CMakeFiles/cmTC_3ae78.dir/build.make CMakeFiles/cmTC_3ae78.dir/build
Building C object CMakeFiles/cmTC_3ae78.dir/feature_tests.c.o
/Applications/Xcode.app/Contents/Developer/Toolchains/XcodeDefault.xctoolchain/usr/bin/cc   -isysroot /Applications/Xcode.app/Contents/Developer/Platforms/MacOSX.platform/Developer/SDKs/MacOSX10.14.sdk   -std=c99 -o CMakeFiles/cmTC_3ae78.dir/feature_tests.c.o   -c /Users/adityayadavalli/Graphics/Ass2/test/build/CMakeFiles/feature_tests.c
Linking C executable cmTC_3ae78
/usr/local/Cellar/cmake/3.13.2/bin/cmake -E cmake_link_script CMakeFiles/cmTC_3ae78.dir/link.txt --verbose=1
/Applications/Xcode.app/Contents/Developer/Toolchains/XcodeDefault.xctoolchain/usr/bin/cc   -isysroot /Applications/Xcode.app/Contents/Developer/Platforms/MacOSX.platform/Developer/SDKs/MacOSX10.14.sdk -Wl,-search_paths_first -Wl,-headerpad_max_install_names   CMakeFiles/cmTC_3ae78.dir/feature_tests.c.o  -o cmTC_3ae78 


    Feature record: C_FEATURE:1c_function_prototypes
    Feature record: C_FEATURE:1c_restrict
    Feature record: C_FEATURE:0c_static_assert
    Feature record: C_FEATURE:1c_variadic_macros


Detecting C [-std=c90] compiler features compiled with the following output:
Change Dir: /Users/adityayadavalli/Graphics/Ass2/test/build/CMakeFiles/CMakeTmp

Run Build Command:"/usr/bin/make" "cmTC_9f1fb/fast"
/Applications/Xcode.app/Contents/Developer/usr/bin/make -f CMakeFiles/cmTC_9f1fb.dir/build.make CMakeFiles/cmTC_9f1fb.dir/build
Building C object CMakeFiles/cmTC_9f1fb.dir/feature_tests.c.o
/Applications/Xcode.app/Contents/Developer/Toolchains/XcodeDefault.xctoolchain/usr/bin/cc   -isysroot /Applications/Xcode.app/Contents/Developer/Platforms/MacOSX.platform/Developer/SDKs/MacOSX10.14.sdk   -std=c90 -o CMakeFiles/cmTC_9f1fb.dir/feature_tests.c.o   -c /Users/adityayadavalli/Graphics/Ass2/test/build/CMakeFiles/feature_tests.c
Linking C executable cmTC_9f1fb
/usr/local/Cellar/cmake/3.13.2/bin/cmake -E cmake_link_script CMakeFiles/cmTC_9f1fb.dir/link.txt --verbose=1
/Applications/Xcode.app/Contents/Developer/Toolchains/XcodeDefault.xctoolchain/usr/bin/cc   -isysroot /Applications/Xcode.app/Contents/Developer/Platforms/MacOSX.platform/Developer/SDKs/MacOSX10.14.sdk -Wl,-search_paths_first -Wl,-headerpad_max_install_names   CMakeFiles/cmTC_9f1fb.dir/feature_tests.c.o  -o cmTC_9f1fb 


    Feature record: C_FEATURE:1c_function_prototypes
    Feature record: C_FEATURE:0c_restrict
    Feature record: C_FEATURE:0c_static_assert
    Feature record: C_FEATURE:0c_variadic_macros
Determining if the CXX compiler works passed with the following output:
Change Dir: /Users/adityayadavalli/Graphics/Ass2/test/build/CMakeFiles/CMakeTmp

Run Build Command:"/usr/bin/make" "cmTC_a28db/fast"
/Applications/Xcode.app/Contents/Developer/usr/bin/make -f CMakeFiles/cmTC_a28db.dir/build.make CMakeFiles/cmTC_a28db.dir/build
Building CXX object CMakeFiles/cmTC_a28db.dir/testCXXCompiler.cxx.o
/Applications/Xcode.app/Contents/Developer/Toolchains/XcodeDefault.xctoolchain/usr/bin/c++    -isysroot /Applications/Xcode.app/Contents/Developer/Platforms/MacOSX.platform/Developer/SDKs/MacOSX10.14.sdk   -o CMakeFiles/cmTC_a28db.dir/testCXXCompiler.cxx.o -c /Users/adityayadavalli/Graphics/Ass2/test/build/CMakeFiles/CMakeTmp/testCXXCompiler.cxx
Linking CXX executable cmTC_a28db
/usr/local/Cellar/cmake/3.13.2/bin/cmake -E cmake_link_script CMakeFiles/cmTC_a28db.dir/link.txt --verbose=1
/Applications/Xcode.app/Contents/Developer/Toolchains/XcodeDefault.xctoolchain/usr/bin/c++    -isysroot /Applications/Xcode.app/Contents/Developer/Platforms/MacOSX.platform/Developer/SDKs/MacOSX10.14.sdk -Wl,-search_paths_first -Wl,-headerpad_max_install_names   CMakeFiles/cmTC_a28db.dir/testCXXCompiler.cxx.o  -o cmTC_a28db 


Detecting CXX compiler ABI info compiled with the following output:
Change Dir: /Users/adityayadavalli/Graphics/Ass2/test/build/CMakeFiles/CMakeTmp

Run Build Command:"/usr/bin/make" "cmTC_f4b7a/fast"
/Applications/Xcode.app/Contents/Developer/usr/bin/make -f CMakeFiles/cmTC_f4b7a.dir/build.make CMakeFiles/cmTC_f4b7a.dir/build
Building CXX object CMakeFiles/cmTC_f4b7a.dir/CMakeCXXCompilerABI.cpp.o
/Applications/Xcode.app/Contents/Developer/Toolchains/XcodeDefault.xctoolchain/usr/bin/c++    -isysroot /Applications/Xcode.app/Contents/Developer/Platforms/MacOSX.platform/Developer/SDKs/MacOSX10.14.sdk   -o CMakeFiles/cmTC_f4b7a.dir/CMakeCXXCompilerABI.cpp.o -c /usr/local/Cellar/cmake/3.13.2/share/cmake/Modules/CMakeCXXCompilerABI.cpp
Linking CXX executable cmTC_f4b7a
/usr/local/Cellar/cmake/3.13.2/bin/cmake -E cmake_link_script CMakeFiles/cmTC_f4b7a.dir/link.txt --verbose=1
/Applications/Xcode.app/Contents/Developer/Toolchains/XcodeDefault.xctoolchain/usr/bin/c++    -isysroot /Applications/Xcode.app/Contents/Developer/Platforms/MacOSX.platform/Developer/SDKs/MacOSX10.14.sdk -Wl,-search_paths_first -Wl,-headerpad_max_install_names  -v -Wl,-v CMakeFiles/cmTC_f4b7a.dir/CMakeCXXCompilerABI.cpp.o  -o cmTC_f4b7a 
Apple LLVM version 10.0.0 (clang-1000.11.45.5)
Target: x86_64-apple-darwin18.0.0
Thread model: posix
InstalledDir: /Applications/Xcode.app/Contents/Developer/Toolchains/XcodeDefault.xctoolchain/usr/bin
 "/Applications/Xcode.app/Contents/Developer/Toolchains/XcodeDefault.xctoolchain/usr/bin/ld" -demangle -lto_library /Applications/Xcode.app/Contents/Developer/Toolchains/XcodeDefault.xctoolchain/usr/lib/libLTO.dylib -dynamic -arch x86_64 -macosx_version_min 10.14.0 -syslibroot /Applications/Xcode.app/Contents/Developer/Platforms/MacOSX.platform/Developer/SDKs/MacOSX10.14.sdk -o cmTC_f4b7a -search_paths_first -headerpad_max_install_names -v CMakeFiles/cmTC_f4b7a.dir/CMakeCXXCompilerABI.cpp.o -lc++ -lSystem /Applications/Xcode.app/Contents/Developer/Toolchains/XcodeDefault.xctoolchain/usr/lib/clang/10.0.0/lib/darwin/libclang_rt.osx.a
@(#)PROGRAM:ld  PROJECT:ld64-409.12
BUILD 17:47:51 Sep 25 2018
configured to support archs: armv6 armv7 armv7s arm64 i386 x86_64 x86_64h armv6m armv7k armv7m armv7em arm64e arm64_32
Library search paths:
	/Applications/Xcode.app/Contents/Developer/Platforms/MacOSX.platform/Developer/SDKs/MacOSX10.14.sdk/usr/lib
Framework search paths:
	/Applications/Xcode.app/Contents/Developer/Platforms/MacOSX.platform/Developer/SDKs/MacOSX10.14.sdk/System/Library/Frameworks/


Parsed CXX implicit link information from above output:
  link line regex: [^( *|.*[/\])(ld|CMAKE_LINK_STARTFILE-NOTFOUND|([^/\]+-)?ld|collect2)[^/\]*( |$)]
  ignore line: [Change Dir: /Users/adityayadavalli/Graphics/Ass2/test/build/CMakeFiles/CMakeTmp]
  ignore line: []
  ignore line: [Run Build Command:"/usr/bin/make" "cmTC_f4b7a/fast"]
  ignore line: [/Applications/Xcode.app/Contents/Developer/usr/bin/make -f CMakeFiles/cmTC_f4b7a.dir/build.make CMakeFiles/cmTC_f4b7a.dir/build]
  ignore line: [Building CXX object CMakeFiles/cmTC_f4b7a.dir/CMakeCXXCompilerABI.cpp.o]
  ignore line: [/Applications/Xcode.app/Contents/Developer/Toolchains/XcodeDefault.xctoolchain/usr/bin/c++    -isysroot /Applications/Xcode.app/Contents/Developer/Platforms/MacOSX.platform/Developer/SDKs/MacOSX10.14.sdk   -o CMakeFiles/cmTC_f4b7a.dir/CMakeCXXCompilerABI.cpp.o -c /usr/local/Cellar/cmake/3.13.2/share/cmake/Modules/CMakeCXXCompilerABI.cpp]
  ignore line: [Linking CXX executable cmTC_f4b7a]
  ignore line: [/usr/local/Cellar/cmake/3.13.2/bin/cmake -E cmake_link_script CMakeFiles/cmTC_f4b7a.dir/link.txt --verbose=1]
  ignore line: [/Applications/Xcode.app/Contents/Developer/Toolchains/XcodeDefault.xctoolchain/usr/bin/c++    -isysroot /Applications/Xcode.app/Contents/Developer/Platforms/MacOSX.platform/Developer/SDKs/MacOSX10.14.sdk -Wl,-search_paths_first -Wl,-headerpad_max_install_names  -v -Wl,-v CMakeFiles/cmTC_f4b7a.dir/CMakeCXXCompilerABI.cpp.o  -o cmTC_f4b7a ]
  ignore line: [Apple LLVM version 10.0.0 (clang-1000.11.45.5)]
  ignore line: [Target: x86_64-apple-darwin18.0.0]
  ignore line: [Thread model: posix]
  ignore line: [InstalledDir: /Applications/Xcode.app/Contents/Developer/Toolchains/XcodeDefault.xctoolchain/usr/bin]
  link line: [ "/Applications/Xcode.app/Contents/Developer/Toolchains/XcodeDefault.xctoolchain/usr/bin/ld" -demangle -lto_library /Applications/Xcode.app/Contents/Developer/Toolchains/XcodeDefault.xctoolchain/usr/lib/libLTO.dylib -dynamic -arch x86_64 -macosx_version_min 10.14.0 -syslibroot /Applications/Xcode.app/Contents/Developer/Platforms/MacOSX.platform/Developer/SDKs/MacOSX10.14.sdk -o cmTC_f4b7a -search_paths_first -headerpad_max_install_names -v CMakeFiles/cmTC_f4b7a.dir/CMakeCXXCompilerABI.cpp.o -lc++ -lSystem /Applications/Xcode.app/Contents/Developer/Toolchains/XcodeDefault.xctoolchain/usr/lib/clang/10.0.0/lib/darwin/libclang_rt.osx.a]
    arg [/Applications/Xcode.app/Contents/Developer/Toolchains/XcodeDefault.xctoolchain/usr/bin/ld] ==> ignore
    arg [-demangle] ==> ignore
    arg [-lto_library] ==> ignore, skip following value
    arg [/Applications/Xcode.app/Contents/Developer/Toolchains/XcodeDefault.xctoolchain/usr/lib/libLTO.dylib] ==> skip value of -lto_library
    arg [-dynamic] ==> ignore
    arg [-arch] ==> ignore
    arg [x86_64] ==> ignore
    arg [-macosx_version_min] ==> ignore
    arg [10.14.0] ==> ignore
    arg [-syslibroot] ==> ignore
    arg [/Applications/Xcode.app/Contents/Developer/Platforms/MacOSX.platform/Developer/SDKs/MacOSX10.14.sdk] ==> ignore
    arg [-o] ==> ignore
    arg [cmTC_f4b7a] ==> ignore
    arg [-search_paths_first] ==> ignore
    arg [-headerpad_max_install_names] ==> ignore
    arg [-v] ==> ignore
    arg [CMakeFiles/cmTC_f4b7a.dir/CMakeCXXCompilerABI.cpp.o] ==> ignore
    arg [-lc++] ==> lib [c++]
    arg [-lSystem] ==> lib [System]
    arg [/Applications/Xcode.app/Contents/Developer/Toolchains/XcodeDefault.xctoolchain/usr/lib/clang/10.0.0/lib/darwin/libclang_rt.osx.a] ==> lib [/Applications/Xcode.app/Contents/Developer/Toolchains/XcodeDefault.xctoolchain/usr/lib/clang/10.0.0/lib/darwin/libclang_rt.osx.a]
  Library search paths: [;/Applications/Xcode.app/Contents/Developer/Platforms/MacOSX.platform/Developer/SDKs/MacOSX10.14.sdk/usr/lib]
  Framework search paths: [;/Applications/Xcode.app/Contents/Developer/Platforms/MacOSX.platform/Developer/SDKs/MacOSX10.14.sdk/System/Library/Frameworks/]
  remove lib [System]
  remove lib [/Applications/Xcode.app/Contents/Developer/Toolchains/XcodeDefault.xctoolchain/usr/lib/clang/10.0.0/lib/darwin/libclang_rt.osx.a]
  collapse library dir [/Applications/Xcode.app/Contents/Developer/Platforms/MacOSX.platform/Developer/SDKs/MacOSX10.14.sdk/usr/lib] ==> [/Applications/Xcode.app/Contents/Developer/Platforms/MacOSX.platform/Developer/SDKs/MacOSX10.14.sdk/usr/lib]
  collapse framework dir [/Applications/Xcode.app/Contents/Developer/Platforms/MacOSX.platform/Developer/SDKs/MacOSX10.14.sdk/System/Library/Frameworks/] ==> [/Applications/Xcode.app/Contents/Developer/Platforms/MacOSX.platform/Developer/SDKs/MacOSX10.14.sdk/System/Library/Frameworks]
  implicit libs: [c++]
  implicit dirs: [/Applications/Xcode.app/Contents/Developer/Platforms/MacOSX.platform/Developer/SDKs/MacOSX10.14.sdk/usr/lib]
  implicit fwks: [/Applications/Xcode.app/Contents/Developer/Platforms/MacOSX.platform/Developer/SDKs/MacOSX10.14.sdk/System/Library/Frameworks]




Detecting CXX [-std=c++1z] compiler features compiled with the following output:
Change Dir: /Users/adityayadavalli/Graphics/Ass2/test/build/CMakeFiles/CMakeTmp

Run Build Command:"/usr/bin/make" "cmTC_1fc2f/fast"
/Applications/Xcode.app/Contents/Developer/usr/bin/make -f CMakeFiles/cmTC_1fc2f.dir/build.make CMakeFiles/cmTC_1fc2f.dir/build
Building CXX object CMakeFiles/cmTC_1fc2f.dir/feature_tests.cxx.o
/Applications/Xcode.app/Contents/Developer/Toolchains/XcodeDefault.xctoolchain/usr/bin/c++    -isysroot /Applications/Xcode.app/Contents/Developer/Platforms/MacOSX.platform/Developer/SDKs/MacOSX10.14.sdk   -std=c++1z -o CMakeFiles/cmTC_1fc2f.dir/feature_tests.cxx.o -c /Users/adityayadavalli/Graphics/Ass2/test/build/CMakeFiles/feature_tests.cxx
Linking CXX executable cmTC_1fc2f
/usr/local/Cellar/cmake/3.13.2/bin/cmake -E cmake_link_script CMakeFiles/cmTC_1fc2f.dir/link.txt --verbose=1
/Applications/Xcode.app/Contents/Developer/Toolchains/XcodeDefault.xctoolchain/usr/bin/c++    -isysroot /Applications/Xcode.app/Contents/Developer/Platforms/MacOSX.platform/Developer/SDKs/MacOSX10.14.sdk -Wl,-search_paths_first -Wl,-headerpad_max_install_names   CMakeFiles/cmTC_1fc2f.dir/feature_tests.cxx.o  -o cmTC_1fc2f 


    Feature record: CXX_FEATURE:1cxx_aggregate_default_initializers
    Feature record: CXX_FEATURE:1cxx_alias_templates
    Feature record: CXX_FEATURE:1cxx_alignas
    Feature record: CXX_FEATURE:1cxx_alignof
    Feature record: CXX_FEATURE:1cxx_attributes
    Feature record: CXX_FEATURE:1cxx_attribute_deprecated
    Feature record: CXX_FEATURE:1cxx_auto_type
    Feature record: CXX_FEATURE:1cxx_binary_literals
    Feature record: CXX_FEATURE:1cxx_constexpr
    Feature record: CXX_FEATURE:1cxx_contextual_conversions
    Feature record: CXX_FEATURE:1cxx_decltype
    Feature record: CXX_FEATURE:1cxx_decltype_auto
    Feature record: CXX_FEATURE:1cxx_decltype_incomplete_return_types
    Feature record: CXX_FEATURE:1cxx_default_function_template_args
    Feature record: CXX_FEATURE:1cxx_defaulted_functions
    Feature record: CXX_FEATURE:1cxx_defaulted_move_initializers
    Feature record: CXX_FEATURE:1cxx_delegating_constructors
    Feature record: CXX_FEATURE:1cxx_deleted_functions
    Feature record: CXX_FEATURE:1cxx_digit_separators
    Feature record: CXX_FEATURE:1cxx_enum_forward_declarations
    Feature record: CXX_FEATURE:1cxx_explicit_conversions
    Feature record: CXX_FEATURE:1cxx_extended_friend_declarations
    Feature record: CXX_FEATURE:1cxx_extern_templates
    Feature record: CXX_FEATURE:1cxx_final
    Feature record: CXX_FEATURE:1cxx_func_identifier
    Feature record: CXX_FEATURE:1cxx_generalized_initializers
    Feature record: CXX_FEATURE:1cxx_generic_lambdas
    Feature record: CXX_FEATURE:1cxx_inheriting_constructors
    Feature record: CXX_FEATURE:1cxx_inline_namespaces
    Feature record: CXX_FEATURE:1cxx_lambdas
    Feature record: CXX_FEATURE:1cxx_lambda_init_captures
    Feature record: CXX_FEATURE:1cxx_local_type_template_args
    Feature record: CXX_FEATURE:1cxx_long_long_type
    Feature record: CXX_FEATURE:1cxx_noexcept
    Feature record: CXX_FEATURE:1cxx_nonstatic_member_init
    Feature record: CXX_FEATURE:1cxx_nullptr
    Feature record: CXX_FEATURE:1cxx_override
    Feature record: CXX_FEATURE:1cxx_range_for
    Feature record: CXX_FEATURE:1cxx_raw_string_literals
    Feature record: CXX_FEATURE:1cxx_reference_qualified_functions
    Feature record: CXX_FEATURE:1cxx_relaxed_constexpr
    Feature record: CXX_FEATURE:1cxx_return_type_deduction
    Feature record: CXX_FEATURE:1cxx_right_angle_brackets
    Feature record: CXX_FEATURE:1cxx_rvalue_references
    Feature record: CXX_FEATURE:1cxx_sizeof_member
    Feature record: CXX_FEATURE:1cxx_static_assert
    Feature record: CXX_FEATURE:1cxx_strong_enums
    Feature record: CXX_FEATURE:1cxx_template_template_parameters
    Feature record: CXX_FEATURE:1cxx_thread_local
    Feature record: CXX_FEATURE:1cxx_trailing_return_types
    Feature record: CXX_FEATURE:1cxx_unicode_literals
    Feature record: CXX_FEATURE:1cxx_uniform_initialization
    Feature record: CXX_FEATURE:1cxx_unrestricted_unions
    Feature record: CXX_FEATURE:1cxx_user_literals
    Feature record: CXX_FEATURE:1cxx_variable_templates
    Feature record: CXX_FEATURE:1cxx_variadic_macros
    Feature record: CXX_FEATURE:1cxx_variadic_templates


Detecting CXX [-std=c++14] compiler features compiled with the following output:
Change Dir: /Users/adityayadavalli/Graphics/Ass2/test/build/CMakeFiles/CMakeTmp

Run Build Command:"/usr/bin/make" "cmTC_28b44/fast"
/Applications/Xcode.app/Contents/Developer/usr/bin/make -f CMakeFiles/cmTC_28b44.dir/build.make CMakeFiles/cmTC_28b44.dir/build
Building CXX object CMakeFiles/cmTC_28b44.dir/feature_tests.cxx.o
/Applications/Xcode.app/Contents/Developer/Toolchains/XcodeDefault.xctoolchain/usr/bin/c++    -isysroot /Applications/Xcode.app/Contents/Developer/Platforms/MacOSX.platform/Developer/SDKs/MacOSX10.14.sdk   -std=c++14 -o CMakeFiles/cmTC_28b44.dir/feature_tests.cxx.o -c /Users/adityayadavalli/Graphics/Ass2/test/build/CMakeFiles/feature_tests.cxx
Linking CXX executable cmTC_28b44
/usr/local/Cellar/cmake/3.13.2/bin/cmake -E cmake_link_script CMakeFiles/cmTC_28b44.dir/link.txt --verbose=1
/Applications/Xcode.app/Contents/Developer/Toolchains/XcodeDefault.xctoolchain/usr/bin/c++    -isysroot /Applications/Xcode.app/Contents/Developer/Platforms/MacOSX.platform/Developer/SDKs/MacOSX10.14.sdk -Wl,-search_paths_first -Wl,-headerpad_max_install_names   CMakeFiles/cmTC_28b44.dir/feature_tests.cxx.o  -o cmTC_28b44 


    Feature record: CXX_FEATURE:1cxx_aggregate_default_initializers
    Feature record: CXX_FEATURE:1cxx_alias_templates
    Feature record: CXX_FEATURE:1cxx_alignas
    Feature record: CXX_FEATURE:1cxx_alignof
    Feature record: CXX_FEATURE:1cxx_attributes
    Feature record: CXX_FEATURE:1cxx_attribute_deprecated
    Feature record: CXX_FEATURE:1cxx_auto_type
    Feature record: CXX_FEATURE:1cxx_binary_literals
    Feature record: CXX_FEATURE:1cxx_constexpr
    Feature record: CXX_FEATURE:1cxx_contextual_conversions
    Feature record: CXX_FEATURE:1cxx_decltype
    Feature record: CXX_FEATURE:1cxx_decltype_auto
    Feature record: CXX_FEATURE:1cxx_decltype_incomplete_return_types
    Feature record: CXX_FEATURE:1cxx_default_function_template_args
    Feature record: CXX_FEATURE:1cxx_defaulted_functions
    Feature record: CXX_FEATURE:1cxx_defaulted_move_initializers
    Feature record: CXX_FEATURE:1cxx_delegating_constructors
    Feature record: CXX_FEATURE:1cxx_deleted_functions
    Feature record: CXX_FEATURE:1cxx_digit_separators
    Feature record: CXX_FEATURE:1cxx_enum_forward_declarations
    Feature record: CXX_FEATURE:1cxx_explicit_conversions
    Feature record: CXX_FEATURE:1cxx_extended_friend_declarations
    Feature record: CXX_FEATURE:1cxx_extern_templates
    Feature record: CXX_FEATURE:1cxx_final
    Feature record: CXX_FEATURE:1cxx_func_identifier
    Feature record: CXX_FEATURE:1cxx_generalized_initializers
    Feature record: CXX_FEATURE:1cxx_generic_lambdas
    Feature record: CXX_FEATURE:1cxx_inheriting_constructors
    Feature record: CXX_FEATURE:1cxx_inline_namespaces
    Feature record: CXX_FEATURE:1cxx_lambdas
    Feature record: CXX_FEATURE:1cxx_lambda_init_captures
    Feature record: CXX_FEATURE:1cxx_local_type_template_args
    Feature record: CXX_FEATURE:1cxx_long_long_type
    Feature record: CXX_FEATURE:1cxx_noexcept
    Feature record: CXX_FEATURE:1cxx_nonstatic_member_init
    Feature record: CXX_FEATURE:1cxx_nullptr
    Feature record: CXX_FEATURE:1cxx_override
    Feature record: CXX_FEATURE:1cxx_range_for
    Feature record: CXX_FEATURE:1cxx_raw_string_literals
    Feature record: CXX_FEATURE:1cxx_reference_qualified_functions
    Feature record: CXX_FEATURE:1cxx_relaxed_constexpr
    Feature record: CXX_FEATURE:1cxx_return_type_deduction
    Feature record: CXX_FEATURE:1cxx_right_angle_brackets
    Feature record: CXX_FEATURE:1cxx_rvalue_references
    Feature record: CXX_FEATURE:1cxx_sizeof_member
    Feature record: CXX_FEATURE:1cxx_static_assert
    Feature record: CXX_FEATURE:1cxx_strong_enums
    Feature record: CXX_FEATURE:1cxx_template_template_parameters
    Feature record: CXX_FEATURE:1cxx_thread_local
    Feature record: CXX_FEATURE:1cxx_trailing_return_types
    Feature record: CXX_FEATURE:1cxx_unicode_literals
    Feature record: CXX_FEATURE:1cxx_uniform_initialization
    Feature record: CXX_FEATURE:1cxx_unrestricted_unions
    Feature record: CXX_FEATURE:1cxx_user_literals
    Feature record: CXX_FEATURE:1cxx_variable_templates
    Feature record: CXX_FEATURE:1cxx_variadic_macros
    Feature record: CXX_FEATURE:1cxx_variadic_templates


Detecting CXX [-std=c++11] compiler features compiled with the following output:
Change Dir: /Users/adityayadavalli/Graphics/Ass2/test/build/CMakeFiles/CMakeTmp

Run Build Command:"/usr/bin/make" "cmTC_857b9/fast"
/Applications/Xcode.app/Contents/Developer/usr/bin/make -f CMakeFiles/cmTC_857b9.dir/build.make CMakeFiles/cmTC_857b9.dir/build
Building CXX object CMakeFiles/cmTC_857b9.dir/feature_tests.cxx.o
/Applications/Xcode.app/Contents/Developer/Toolchains/XcodeDefault.xctoolchain/usr/bin/c++    -isysroot /Applications/Xcode.app/Contents/Developer/Platforms/MacOSX.platform/Developer/SDKs/MacOSX10.14.sdk   -std=c++11 -o CMakeFiles/cmTC_857b9.dir/feature_tests.cxx.o -c /Users/adityayadavalli/Graphics/Ass2/test/build/CMakeFiles/feature_tests.cxx
Linking CXX executable cmTC_857b9
/usr/local/Cellar/cmake/3.13.2/bin/cmake -E cmake_link_script CMakeFiles/cmTC_857b9.dir/link.txt --verbose=1
/Applications/Xcode.app/Contents/Developer/Toolchains/XcodeDefault.xctoolchain/usr/bin/c++    -isysroot /Applications/Xcode.app/Contents/Developer/Platforms/MacOSX.platform/Developer/SDKs/MacOSX10.14.sdk -Wl,-search_paths_first -Wl,-headerpad_max_install_names   CMakeFiles/cmTC_857b9.dir/feature_tests.cxx.o  -o cmTC_857b9 


    Feature record: CXX_FEATURE:0cxx_aggregate_default_initializers
    Feature record: CXX_FEATURE:1cxx_alias_templates
    Feature record: CXX_FEATURE:1cxx_alignas
    Feature record: CXX_FEATURE:1cxx_alignof
    Feature record: CXX_FEATURE:1cxx_attributes
    Feature record: CXX_FEATURE:0cxx_attribute_deprecated
    Feature record: CXX_FEATURE:1cxx_auto_type
    Feature record: CXX_FEATURE:0cxx_binary_literals
    Feature record: CXX_FEATURE:1cxx_constexpr
    Feature record: CXX_FEATURE:0cxx_contextual_conversions
    Feature record: CXX_FEATURE:1cxx_decltype
    Feature record: CXX_FEATURE:0cxx_decltype_auto
    Feature record: CXX_FEATURE:1cxx_decltype_incomplete_return_types
    Feature record: CXX_FEATURE:1cxx_default_function_template_args
    Feature record: CXX_FEATURE:1cxx_defaulted_functions
    Feature record: CXX_FEATURE:1cxx_defaulted_move_initializers
    Feature record: CXX_FEATURE:1cxx_delegating_constructors
    Feature record: CXX_FEATURE:1cxx_deleted_functions
    Feature record: CXX_FEATURE:0cxx_digit_separators
    Feature record: CXX_FEATURE:1cxx_enum_forward_declarations
    Feature record: CXX_FEATURE:1cxx_explicit_conversions
    Feature record: CXX_FEATURE:1cxx_extended_friend_declarations
    Feature record: CXX_FEATURE:1cxx_extern_templates
    Feature record: CXX_FEATURE:1cxx_final
    Feature record: CXX_FEATURE:1cxx_func_identifier
    Feature record: CXX_FEATURE:1cxx_generalized_initializers
    Feature record: CXX_FEATURE:0cxx_generic_lambdas
    Feature record: CXX_FEATURE:1cxx_inheriting_constructors
    Feature record: CXX_FEATURE:1cxx_inline_namespaces
    Feature record: CXX_FEATURE:1cxx_lambdas
    Feature record: CXX_FEATURE:0cxx_lambda_init_captures
    Feature record: CXX_FEATURE:1cxx_local_type_template_args
    Feature record: CXX_FEATURE:1cxx_long_long_type
    Feature record: CXX_FEATURE:1cxx_noexcept
    Feature record: CXX_FEATURE:1cxx_nonstatic_member_init
    Feature record: CXX_FEATURE:1cxx_nullptr
    Feature record: CXX_FEATURE:1cxx_override
    Feature record: CXX_FEATURE:1cxx_range_for
    Feature record: CXX_FEATURE:1cxx_raw_string_literals
    Feature record: CXX_FEATURE:1cxx_reference_qualified_functions
    Feature record: CXX_FEATURE:0cxx_relaxed_constexpr
    Feature record: CXX_FEATURE:0cxx_return_type_deduction
    Feature record: CXX_FEATURE:1cxx_right_angle_brackets
    Feature record: CXX_FEATURE:1cxx_rvalue_references
    Feature record: CXX_FEATURE:1cxx_sizeof_member
    Feature record: CXX_FEATURE:1cxx_static_assert
    Feature record: CXX_FEATURE:1cxx_strong_enums
    Feature record: CXX_FEATURE:1cxx_template_template_parameters
    Feature record: CXX_FEATURE:1cxx_thread_local
    Feature record: CXX_FEATURE:1cxx_trailing_return_types
    Feature record: CXX_FEATURE:1cxx_unicode_literals
    Feature record: CXX_FEATURE:1cxx_uniform_initialization
    Feature record: CXX_FEATURE:1cxx_unrestricted_unions
    Feature record: CXX_FEATURE:1cxx_user_literals
    Feature record: CXX_FEATURE:0cxx_variable_templates
    Feature record: CXX_FEATURE:1cxx_variadic_macros
    Feature record: CXX_FEATURE:1cxx_variadic_templates


Detecting CXX [-std=c++98] compiler features compiled with the following output:
Change Dir: /Users/adityayadavalli/Graphics/Ass2/test/build/CMakeFiles/CMakeTmp

Run Build Command:"/usr/bin/make" "cmTC_de490/fast"
/Applications/Xcode.app/Contents/Developer/usr/bin/make -f CMakeFiles/cmTC_de490.dir/build.make CMakeFiles/cmTC_de490.dir/build
Building CXX object CMakeFiles/cmTC_de490.dir/feature_tests.cxx.o
/Applications/Xcode.app/Contents/Developer/Toolchains/XcodeDefault.xctoolchain/usr/bin/c++    -isysroot /Applications/Xcode.app/Contents/Developer/Platforms/MacOSX.platform/Developer/SDKs/MacOSX10.14.sdk   -std=c++98 -o CMakeFiles/cmTC_de490.dir/feature_tests.cxx.o -c /Users/adityayadavalli/Graphics/Ass2/test/build/CMakeFiles/feature_tests.cxx
Linking CXX executable cmTC_de490
/usr/local/Cellar/cmake/3.13.2/bin/cmake -E cmake_link_script CMakeFiles/cmTC_de490.dir/link.txt --verbose=1
/Applications/Xcode.app/Contents/Developer/Toolchains/XcodeDefault.xctoolchain/usr/bin/c++    -isysroot /Applications/Xcode.app/Contents/Developer/Platforms/MacOSX.platform/Developer/SDKs/MacOSX10.14.sdk -Wl,-search_paths_first -Wl,-headerpad_max_install_names   CMakeFiles/cmTC_de490.dir/feature_tests.cxx.o  -o cmTC_de490 


    Feature record: CXX_FEATURE:0cxx_aggregate_default_initializers
    Feature record: CXX_FEATURE:0cxx_alias_templates
    Feature record: CXX_FEATURE:0cxx_alignas
    Feature record: CXX_FEATURE:0cxx_alignof
    Feature record: CXX_FEATURE:0cxx_attributes
    Feature record: CXX_FEATURE:0cxx_attribute_deprecated
    Feature record: CXX_FEATURE:0cxx_auto_type
    Feature record: CXX_FEATURE:0cxx_binary_literals
    Feature record: CXX_FEATURE:0cxx_constexpr
    Feature record: CXX_FEATURE:0cxx_contextual_conversions
    Feature record: CXX_FEATURE:0cxx_decltype
    Feature record: CXX_FEATURE:0cxx_decltype_auto
    Feature record: CXX_FEATURE:0cxx_decltype_incomplete_return_types
    Feature record: CXX_FEATURE:0cxx_default_function_template_args
    Feature record: CXX_FEATURE:0cxx_defaulted_functions
    Feature record: CXX_FEATURE:0cxx_defaulted_move_initializers
    Feature record: CXX_FEATURE:0cxx_delegating_constructors
    Feature record: CXX_FEATURE:0cxx_deleted_functions
    Feature record: CXX_FEATURE:0cxx_digit_separators
    Feature record: CXX_FEATURE:0cxx_enum_forward_declarations
    Feature record: CXX_FEATURE:0cxx_explicit_conversions
    Feature record: CXX_FEATURE:0cxx_extended_friend_declarations
    Feature record: CXX_FEATURE:0cxx_extern_templates
    Feature record: CXX_FEATURE:0cxx_final
    Feature record: CXX_FEATURE:0cxx_func_identifier
    Feature record: CXX_FEATURE:0cxx_generalized_initializers
    Feature record: CXX_FEATURE:0cxx_generic_lambdas
    Feature record: CXX_FEATURE:0cxx_inheriting_constructors
    Feature record: CXX_FEATURE:0cxx_inline_namespaces
    Feature record: CXX_FEATURE:0cxx_lambdas
    Feature record: CXX_FEATURE:0cxx_lambda_init_captures
    Feature record: CXX_FEATURE:0cxx_local_type_template_args
    Feature record: CXX_FEATURE:0cxx_long_long_type
    Feature record: CXX_FEATURE:0cxx_noexcept
    Feature record: CXX_FEATURE:0cxx_nonstatic_member_init
    Feature record: CXX_FEATURE:0cxx_nullptr
    Feature record: CXX_FEATURE:0cxx_override
    Feature record: CXX_FEATURE:0cxx_range_for
    Feature record: CXX_FEATURE:0cxx_raw_string_literals
    Feature record: CXX_FEATURE:0cxx_reference_qualified_functions
    Feature record: CXX_FEATURE:0cxx_relaxed_constexpr
    Feature record: CXX_FEATURE:0cxx_return_type_deduction
    Feature record: CXX_FEATURE:0cxx_right_angle_brackets
    Feature record: CXX_FEATURE:0cxx_rvalue_references
    Feature record: CXX_FEATURE:0cxx_sizeof_member
    Feature record: CXX_FEATURE:0cxx_static_assert
    Feature record: CXX_FEATURE:0cxx_strong_enums
    Feature record: CXX_FEATURE:1cxx_template_template_parameters
    Feature record: CXX_FEATURE:0cxx_thread_local
    Feature record: CXX_FEATURE:0cxx_trailing_return_types
    Feature record: CXX_FEATURE:0cxx_unicode_literals
    Feature record: CXX_FEATURE:0cxx_uniform_initialization
    Feature record: CXX_FEATURE:0cxx_unrestricted_unions
    Feature record: CXX_FEATURE:0cxx_user_literals
    Feature record: CXX_FEATURE:0cxx_variable_templates
    Feature record: CXX_FEATURE:0cxx_variadic_macros
    Feature record: CXX_FEATURE:0cxx_variadic_templates
Determining if the include file pthread.h exists passed with the following output:
Change Dir: /Users/adityayadavalli/Graphics/Ass2/test/build/CMakeFiles/CMakeTmp

Run Build Command:"/usr/bin/make" "cmTC_fa372/fast"
/Applications/Xcode.app/Contents/Developer/usr/bin/make -f CMakeFiles/cmTC_fa372.dir/build.make CMakeFiles/cmTC_fa372.dir/build
Building C object CMakeFiles/cmTC_fa372.dir/CheckIncludeFile.c.o
/Applications/Xcode.app/Contents/Developer/Toolchains/XcodeDefault.xctoolchain/usr/bin/cc   -isysroot /Applications/Xcode.app/Contents/Developer/Platforms/MacOSX.platform/Developer/SDKs/MacOSX10.14.sdk   -o CMakeFiles/cmTC_fa372.dir/CheckIncludeFile.c.o   -c /Users/adityayadavalli/Graphics/Ass2/test/build/CMakeFiles/CMakeTmp/CheckIncludeFile.c
Linking C executable cmTC_fa372
/usr/local/Cellar/cmake/3.13.2/bin/cmake -E cmake_link_script CMakeFiles/cmTC_fa372.dir/link.txt --verbose=1
/Applications/Xcode.app/Contents/Developer/Toolchains/XcodeDefault.xctoolchain/usr/bin/cc   -isysroot /Applications/Xcode.app/Contents/Developer/Platforms/MacOSX.platform/Developer/SDKs/MacOSX10.14.sdk -Wl,-search_paths_first -Wl,-headerpad_max_install_names   CMakeFiles/cmTC_fa372.dir/CheckIncludeFile.c.o  -o cmTC_fa372 


Determining if the pthread_create exist passed with the following output:
Change Dir: /Users/adityayadavalli/Graphics/Ass2/test/build/CMakeFiles/CMakeTmp

Run Build Command:"/usr/bin/make" "cmTC_c6ef3/fast"
/Applications/Xcode.app/Contents/Developer/usr/bin/make -f CMakeFiles/cmTC_c6ef3.dir/build.make CMakeFiles/cmTC_c6ef3.dir/build
Building C object CMakeFiles/cmTC_c6ef3.dir/CheckSymbolExists.c.o
/Applications/Xcode.app/Contents/Developer/Toolchains/XcodeDefault.xctoolchain/usr/bin/cc   -isysroot /Applications/Xcode.app/Contents/Developer/Platforms/MacOSX.platform/Developer/SDKs/MacOSX10.14.sdk   -o CMakeFiles/cmTC_c6ef3.dir/CheckSymbolExists.c.o   -c /Users/adityayadavalli/Graphics/Ass2/test/build/CMakeFiles/CMakeTmp/CheckSymbolExists.c
Linking C executable cmTC_c6ef3
/usr/local/Cellar/cmake/3.13.2/bin/cmake -E cmake_link_script CMakeFiles/cmTC_c6ef3.dir/link.txt --verbose=1
/Applications/Xcode.app/Contents/Developer/Toolchains/XcodeDefault.xctoolchain/usr/bin/cc   -isysroot /Applications/Xcode.app/Contents/Developer/Platforms/MacOSX.platform/Developer/SDKs/MacOSX10.14.sdk -Wl,-search_paths_first -Wl,-headerpad_max_install_names   CMakeFiles/cmTC_c6ef3.dir/CheckSymbolExists.c.o  -o cmTC_c6ef3 

File /Users/adityayadavalli/Graphics/Ass2/test/build/CMakeFiles/CMakeTmp/CheckSymbolExists.c:
/* */
#include <pthread.h>

int main(int argc, char** argv)
{
  (void)argv;
#ifndef pthread_create
  return ((int*)(&pthread_create))[argc];
#else
  (void)argc;
  return 0;
#endif
}

Determining if the include file sys/types.h exists passed with the following output:
Change Dir: /Users/adityayadavalli/Graphics/Ass2/test/build/CMakeFiles/CMakeTmp

Run Build Command:"/usr/bin/make" "cmTC_c3c65/fast"
/Applications/Xcode.app/Contents/Developer/usr/bin/make -f CMakeFiles/cmTC_c3c65.dir/build.make CMakeFiles/cmTC_c3c65.dir/build
Building C object CMakeFiles/cmTC_c3c65.dir/CheckIncludeFile.c.o
/Applications/Xcode.app/Contents/Developer/Toolchains/XcodeDefault.xctoolchain/usr/bin/cc   -isysroot /Applications/Xcode.app/Contents/Developer/Platforms/MacOSX.platform/Developer/SDKs/MacOSX10.14.sdk   -o CMakeFiles/cmTC_c3c65.dir/CheckIncludeFile.c.o   -c /Users/adityayadavalli/Graphics/Ass2/test/build/CMakeFiles/CMakeTmp/CheckIncludeFile.c
Linking C executable cmTC_c3c65
/usr/local/Cellar/cmake/3.13.2/bin/cmake -E cmake_link_script CMakeFiles/cmTC_c3c65.dir/link.txt --verbose=1
/Applications/Xcode.app/Contents/Developer/Toolchains/XcodeDefault.xctoolchain/usr/bin/cc   -isysroot /Applications/Xcode.app/Contents/Developer/Platforms/MacOSX.platform/Developer/SDKs/MacOSX10.14.sdk -Wl,-search_paths_first -Wl,-headerpad_max_install_names   CMakeFiles/cmTC_c3c65.dir/CheckIncludeFile.c.o  -o cmTC_c3c65 


Determining if the include file stdint.h exists passed with the following output:
Change Dir: /Users/adityayadavalli/Graphics/Ass2/test/build/CMakeFiles/CMakeTmp

Run Build Command:"/usr/bin/make" "cmTC_64917/fast"
/Applications/Xcode.app/Contents/Developer/usr/bin/make -f CMakeFiles/cmTC_64917.dir/build.make CMakeFiles/cmTC_64917.dir/build
Building C object CMakeFiles/cmTC_64917.dir/CheckIncludeFile.c.o
/Applications/Xcode.app/Contents/Developer/Toolchains/XcodeDefault.xctoolchain/usr/bin/cc   -isysroot /Applications/Xcode.app/Contents/Developer/Platforms/MacOSX.platform/Developer/SDKs/MacOSX10.14.sdk   -o CMakeFiles/cmTC_64917.dir/CheckIncludeFile.c.o   -c /Users/adityayadavalli/Graphics/Ass2/test/build/CMakeFiles/CMakeTmp/CheckIncludeFile.c
Linking C executable cmTC_64917
/usr/local/Cellar/cmake/3.13.2/bin/cmake -E cmake_link_script CMakeFiles/cmTC_64917.dir/link.txt --verbose=1
/Applications/Xcode.app/Contents/Developer/Toolchains/XcodeDefault.xctoolchain/usr/bin/cc   -isysroot /Applications/Xcode.app/Contents/Developer/Platforms/MacOSX.platform/Developer/SDKs/MacOSX10.14.sdk -Wl,-search_paths_first -Wl,-headerpad_max_install_names   CMakeFiles/cmTC_64917.dir/CheckIncludeFile.c.o  -o cmTC_64917 


Determining if the include file stddef.h exists passed with the following output:
Change Dir: /Users/adityayadavalli/Graphics/Ass2/test/build/CMakeFiles/CMakeTmp

Run Build Command:"/usr/bin/make" "cmTC_8b140/fast"
/Applications/Xcode.app/Contents/Developer/usr/bin/make -f CMakeFiles/cmTC_8b140.dir/build.make CMakeFiles/cmTC_8b140.dir/build
Building C object CMakeFiles/cmTC_8b140.dir/CheckIncludeFile.c.o
/Applications/Xcode.app/Contents/Developer/Toolchains/XcodeDefault.xctoolchain/usr/bin/cc   -isysroot /Applications/Xcode.app/Contents/Developer/Platforms/MacOSX.platform/Developer/SDKs/MacOSX10.14.sdk   -o CMakeFiles/cmTC_8b140.dir/CheckIncludeFile.c.o   -c /Users/adityayadavalli/Graphics/Ass2/test/build/CMakeFiles/CMakeTmp/CheckIncludeFile.c
Linking C executable cmTC_8b140
/usr/local/Cellar/cmake/3.13.2/bin/cmake -E cmake_link_script CMakeFiles/cmTC_8b140.dir/link.txt --verbose=1
/Applications/Xcode.app/Contents/Developer/Toolchains/XcodeDefault.xctoolchain/usr/bin/cc   -isysroot /Applications/Xcode.app/Contents/Developer/Platforms/MacOSX.platform/Developer/SDKs/MacOSX10.14.sdk -Wl,-search_paths_first -Wl,-headerpad_max_install_names   CMakeFiles/cmTC_8b140.dir/CheckIncludeFile.c.o  -o cmTC_8b140 


Determining if the function fseeko exists passed with the following output:
Change Dir: /Users/adityayadavalli/Graphics/Ass2/test/build/CMakeFiles/CMakeTmp

Run Build Command:"/usr/bin/make" "cmTC_7e5dc/fast"
/Applications/Xcode.app/Contents/Developer/usr/bin/make -f CMakeFiles/cmTC_7e5dc.dir/build.make CMakeFiles/cmTC_7e5dc.dir/build
Building C object CMakeFiles/cmTC_7e5dc.dir/CheckFunctionExists.c.o
/Applications/Xcode.app/Contents/Developer/Toolchains/XcodeDefault.xctoolchain/usr/bin/cc   -DCHECK_FUNCTION_EXISTS=fseeko -isysroot /Applications/Xcode.app/Contents/Developer/Platforms/MacOSX.platform/Developer/SDKs/MacOSX10.14.sdk   -o CMakeFiles/cmTC_7e5dc.dir/CheckFunctionExists.c.o   -c /usr/local/Cellar/cmake/3.13.2/share/cmake/Modules/CheckFunctionExists.c
Linking C executable cmTC_7e5dc
/usr/local/Cellar/cmake/3.13.2/bin/cmake -E cmake_link_script CMakeFiles/cmTC_7e5dc.dir/link.txt --verbose=1
/Applications/Xcode.app/Contents/Developer/Toolchains/XcodeDefault.xctoolchain/usr/bin/cc  -DCHECK_FUNCTION_EXISTS=fseeko -isysroot /Applications/Xcode.app/Contents/Developer/Platforms/MacOSX.platform/Developer/SDKs/MacOSX10.14.sdk -Wl,-search_paths_first -Wl,-headerpad_max_install_names   CMakeFiles/cmTC_7e5dc.dir/CheckFunctionExists.c.o  -o cmTC_7e5dc 


Determining if the include file unistd.h exists passed with the following output:
Change Dir: /Users/adityayadavalli/Graphics/Ass2/test/build/CMakeFiles/CMakeTmp

Run Build Command:"/usr/bin/make" "cmTC_a9ac5/fast"
/Applications/Xcode.app/Contents/Developer/usr/bin/make -f CMakeFiles/cmTC_a9ac5.dir/build.make CMakeFiles/cmTC_a9ac5.dir/build
Building C object CMakeFiles/cmTC_a9ac5.dir/CheckIncludeFile.c.o
/Applications/Xcode.app/Contents/Developer/Toolchains/XcodeDefault.xctoolchain/usr/bin/cc   -isysroot /Applications/Xcode.app/Contents/Developer/Platforms/MacOSX.platform/Developer/SDKs/MacOSX10.14.sdk   -o CMakeFiles/cmTC_a9ac5.dir/CheckIncludeFile.c.o   -c /Users/adityayadavalli/Graphics/Ass2/test/build/CMakeFiles/CMakeTmp/CheckIncludeFile.c
Linking C executable cmTC_a9ac5
/usr/local/Cellar/cmake/3.13.2/bin/cmake -E cmake_link_script CMakeFiles/cmTC_a9ac5.dir/link.txt --verbose=1
/Applications/Xcode.app/Contents/Developer/Toolchains/XcodeDefault.xctoolchain/usr/bin/cc   -isysroot /Applications/Xcode.app/Contents/Developer/Platforms/MacOSX.platform/Developer/SDKs/MacOSX10.14.sdk -Wl,-search_paths_first -Wl,-headerpad_max_install_names   CMakeFiles/cmTC_a9ac5.dir/CheckIncludeFile.c.o  -o cmTC_a9ac5 


